<?xml version="1.0" encoding="UTF-8"?>
<Site BuildName="(empty)"
	BuildStamp="20240413-2136-Experimental"
	Name="(empty)"
	Generator="ctest-3.29.1"
	CompilerName=""
	CompilerVersion=""
	OSName="Windows"
	Hostname="Lox"
	OSRelease=" Personal"
	OSVersion=" (Build 22621)"
	OSPlatform="AMD64"
	Is64Bits="1"
	VendorString="GenuineIntel"
	VendorID="Intel Corporation"
	FamilyID="6"
	ModelID="10"
	ProcessorCacheSize="-1"
	NumberOfLogicalCPU="12"
	NumberOfPhysicalCPU="10"
	TotalVirtualMemory="20674"
	TotalPhysicalMemory="8016"
	LogicalProcessorsPerPhysical="1"
	ProcessorClockFrequency="2496"
	>
	<Testing>
		<StartDateTime>Apr 13 16:45 Central Daylight Time</StartDateTime>
		<StartTestTime>1713044715</StartTestTime>
		<TestList>
			<Test>./test/CMakeTest</Test>
		</TestList>
		<Test Status="passed">
			<Name>CMakeTest</Name>
			<Path>./test</Path>
			<FullName>./test/CMakeTest</FullName>
			<FullCommandLine>C:\Users\hilla\OneDrive\Documents\GitHub\gen_sporadic_test\build\test\CMakeTest.exe</FullCommandLine>
			<Results>
				<NamedMeasurement type="numeric/double" name="Execution Time">
					<Value>3.48385</Value>
				</NamedMeasurement>
				<NamedMeasurement type="numeric/double" name="Processors">
					<Value>1</Value>
				</NamedMeasurement>
				<NamedMeasurement type="text/string" name="Completion Status">
					<Value>Completed</Value>
				</NamedMeasurement>
				<NamedMeasurement type="text/string" name="Command Line">
					<Value>C:\Users\hilla\OneDrive\Documents\GitHub\gen_sporadic_test\build\test\CMakeTest.exe</Value>
				</NamedMeasurement>
				<NamedMeasurement type="text/string" name="Environment">
					<Value>#CTEST_RESOURCE_GROUP_COUNT=</Value>
				</NamedMeasurement>
				<Measurement>
					<Value encoding="base64" compression="gzip">eJyVlEFLwzAUx+/9FO/oDitTpuDBw9hkBYeFWvFQesjWtzXYJjUvqe7bm66sdgNL+i4hye/9HgT+SZ66SiEyQnBxgPsH0EiaYK9kCe0GyHC7+l4y7SqFdSG3rGgBFDVXUpQoLIx6aqor+LFvXaNAxTTGjD7JSyB6f4VTpZdX/pIJpo6x7bRUW+HLAAU3MyhpMqTcYI1FwEO1kUPOHuYgPe+Ww9IeNkYacCdpwEdIVy7K1Qhh7CKMRwg/uM7fEDMX75kdoY+YyGTZnLkM+KMdRiyI+OGUhYXInr8MK8KquZZqaNT/Xd1It0C1OGipWTHxLrvm/S7ftyGNc05QMaVB7kHn2OZZGl0ZDd+MQGEpa/u0xMUOgdus/+zsU1ML5wopl0XWdN/O7uawPTY/Rer9ApSiXqY=</Value>
				</Measurement>
			</Results>
		</Test>
		<EndDateTime>Apr 13 16:45 Central Daylight Time</EndDateTime>
		<EndTestTime>1713044718</EndTestTime>
		<ElapsedMinutes>0</ElapsedMinutes>
	</Testing>
</Site>
